[ 2016-04-02T21:55:03+08:00 ] ::1 /jfjb/Public/cache/jfjb/20160303/2.jpg
INFO: [ app_init ] --START--
INFO: Run Behavior\BuildLiteBehavior [ RunTime:0.000043s ]
INFO: [ app_init ] --END-- [ RunTime:0.027580s ]
ERR: 无法加载模块:Public

[ 2016-04-02T21:55:03+08:00 ] ::1 /jfjb/Public/cache/jfjb/20160303/3.jpg
INFO: [ app_init ] --START--
INFO: Run Behavior\BuildLiteBehavior [ RunTime:0.000039s ]
INFO: [ app_init ] --END-- [ RunTime:0.000970s ]
ERR: 无法加载模块:Public

[ 2016-04-02T21:55:03+08:00 ] ::1 /jfjb/Public/cache/jfjb/20160303/4.jpg
INFO: [ app_init ] --START--
INFO: Run Behavior\BuildLiteBehavior [ RunTime:0.000042s ]
INFO: [ app_init ] --END-- [ RunTime:0.001034s ]
ERR: 无法加载模块:Public

[ 2016-04-02T21:55:03+08:00 ] ::1 /jfjb/Public/cache/jfjb/20160303/5.jpg
INFO: [ app_init ] --START--
INFO: Run Behavior\BuildLiteBehavior [ RunTime:0.000049s ]
INFO: [ app_init ] --END-- [ RunTime:0.001252s ]
ERR: 无法加载模块:Public

[ 2016-04-02T21:55:03+08:00 ] ::1 /jfjb/Public/cache/jfjb/20160303/6.jpg
INFO: [ app_init ] --START--
INFO: Run Behavior\BuildLiteBehavior [ RunTime:0.000051s ]
INFO: [ app_init ] --END-- [ RunTime:0.001330s ]
ERR: 无法加载模块:Public

[ 2016-04-02T21:55:03+08:00 ] ::1 /jfjb/Public/cache/jfjb/20160303/8.jpg
INFO: [ app_init ] --START--
INFO: Run Behavior\BuildLiteBehavior [ RunTime:0.000041s ]
INFO: [ app_init ] --END-- [ RunTime:0.000952s ]
ERR: 无法加载模块:Public

[ 2016-04-02T21:55:03+08:00 ] ::1 /jfjb/Public/cache/jfjb/20160303/7.jpg
INFO: [ app_init ] --START--
INFO: Run Behavior\BuildLiteBehavior [ RunTime:0.000056s ]
INFO: [ app_init ] --END-- [ RunTime:0.001502s ]
ERR: 无法加载模块:Public

[ 2016-04-02T21:55:03+08:00 ] ::1 /jfjb/Public/cache/jfjb/20160303/10.jpg
INFO: [ app_init ] --START--
INFO: Run Behavior\BuildLiteBehavior [ RunTime:0.000040s ]
INFO: [ app_init ] --END-- [ RunTime:0.000928s ]
ERR: 无法加载模块:Public

[ 2016-04-02T21:55:03+08:00 ] ::1 /jfjb/Public/cache/jfjb/20160303/9.jpg
INFO: [ app_init ] --START--
INFO: Run Behavior\BuildLiteBehavior [ RunTime:0.000047s ]
INFO: [ app_init ] --END-- [ RunTime:0.001199s ]
ERR: 无法加载模块:Public

[ 2016-04-02T21:55:03+08:00 ] ::1 /jfjb/Public/cache/jfjb/20160303/12.jpg
INFO: [ app_init ] --START--
INFO: Run Behavior\BuildLiteBehavior [ RunTime:0.000043s ]
INFO: [ app_init ] --END-- [ RunTime:0.000948s ]
ERR: 无法加载模块:Public

[ 2016-04-02T21:55:03+08:00 ] ::1 /jfjb/Public/cache/jfjb/20160303/11.jpg
INFO: [ app_init ] --START--
INFO: Run Behavior\BuildLiteBehavior [ RunTime:0.000050s ]
INFO: [ app_init ] --END-- [ RunTime:0.001165s ]
ERR: 无法加载模块:Public

[ 2016-04-02T22:02:03+08:00 ] ::1 /jfjb/Public/cache/jfjb/20160303/2.jpg
INFO: [ app_init ] --START--
INFO: Run Behavior\BuildLiteBehavior [ RunTime:0.000045s ]
INFO: [ app_init ] --END-- [ RunTime:0.027605s ]
ERR: 无法加载模块:Public

[ 2016-04-02T22:02:03+08:00 ] ::1 /jfjb/Public/cache/jfjb/20160303/3.jpg
INFO: [ app_init ] --START--
INFO: Run Behavior\BuildLiteBehavior [ RunTime:0.000048s ]
INFO: [ app_init ] --END-- [ RunTime:0.001274s ]
ERR: 无法加载模块:Public

[ 2016-04-02T22:02:03+08:00 ] ::1 /jfjb/Public/cache/jfjb/20160303/4.jpg
INFO: [ app_init ] --START--
INFO: Run Behavior\BuildLiteBehavior [ RunTime:0.000043s ]
INFO: [ app_init ] --END-- [ RunTime:0.001144s ]
ERR: 无法加载模块:Public

[ 2016-04-02T22:02:03+08:00 ] ::1 /jfjb/Public/cache/jfjb/20160303/5.jpg
INFO: [ app_init ] --START--
INFO: Run Behavior\BuildLiteBehavior [ RunTime:0.000041s ]
INFO: [ app_init ] --END-- [ RunTime:0.001019s ]
ERR: 无法加载模块:Public

[ 2016-04-02T22:02:03+08:00 ] ::1 /jfjb/Public/cache/jfjb/20160303/6.jpg
INFO: [ app_init ] --START--
INFO: Run Behavior\BuildLiteBehavior [ RunTime:0.000041s ]
INFO: [ app_init ] --END-- [ RunTime:0.001010s ]
ERR: 无法加载模块:Public

[ 2016-04-02T22:02:03+08:00 ] ::1 /jfjb/Public/cache/jfjb/20160303/8.jpg
INFO: [ app_init ] --START--
INFO: Run Behavior\BuildLiteBehavior [ RunTime:0.000040s ]
INFO: [ app_init ] --END-- [ RunTime:0.001056s ]
ERR: 无法加载模块:Public

[ 2016-04-02T22:02:03+08:00 ] ::1 /jfjb/Public/cache/jfjb/20160303/7.jpg
INFO: [ app_init ] --START--
INFO: Run Behavior\BuildLiteBehavior [ RunTime:0.000044s ]
INFO: [ app_init ] --END-- [ RunTime:0.001312s ]
ERR: 无法加载模块:Public

[ 2016-04-02T22:02:03+08:00 ] ::1 /jfjb/Public/cache/jfjb/20160303/10.jpg
INFO: [ app_init ] --START--
INFO: Run Behavior\BuildLiteBehavior [ RunTime:0.000040s ]
INFO: [ app_init ] --END-- [ RunTime:0.000954s ]
ERR: 无法加载模块:Public

[ 2016-04-02T22:02:03+08:00 ] ::1 /jfjb/Public/cache/jfjb/20160303/9.jpg
INFO: [ app_init ] --START--
INFO: Run Behavior\BuildLiteBehavior [ RunTime:0.000043s ]
INFO: [ app_init ] --END-- [ RunTime:0.001346s ]
ERR: 无法加载模块:Public

[ 2016-04-02T22:02:03+08:00 ] ::1 /jfjb/Public/cache/jfjb/20160303/11.jpg
INFO: [ app_init ] --START--
INFO: Run Behavior\BuildLiteBehavior [ RunTime:0.000043s ]
INFO: [ app_init ] --END-- [ RunTime:0.001110s ]
ERR: 无法加载模块:Public

[ 2016-04-02T22:02:03+08:00 ] ::1 /jfjb/Public/cache/jfjb/20160303/12.jpg
INFO: [ app_init ] --START--
INFO: Run Behavior\BuildLiteBehavior [ RunTime:0.000044s ]
INFO: [ app_init ] --END-- [ RunTime:0.001242s ]
ERR: 无法加载模块:Public

[ 2016-04-02T22:07:05+08:00 ] ::1 /jfjb/Public/cache/jfjb/20160303/1.jpg
INFO: [ app_init ] --START--
INFO: Run Behavior\BuildLiteBehavior [ RunTime:0.000043s ]
INFO: [ app_init ] --END-- [ RunTime:0.026979s ]
ERR: 无法加载模块:Public

[ 2016-04-02T22:07:05+08:00 ] ::1 /jfjb/Public/cache/jfjb/20160303/3.jpg
INFO: [ app_init ] --START--
INFO: Run Behavior\BuildLiteBehavior [ RunTime:0.000045s ]
INFO: [ app_init ] --END-- [ RunTime:0.001272s ]
ERR: 无法加载模块:Public

[ 2016-04-02T22:07:05+08:00 ] ::1 /jfjb/Public/cache/jfjb/20160303/4.jpg
INFO: [ app_init ] --START--
INFO: Run Behavior\BuildLiteBehavior [ RunTime:0.000049s ]
INFO: [ app_init ] --END-- [ RunTime:0.001236s ]
ERR: 无法加载模块:Public

[ 2016-04-02T22:07:05+08:00 ] ::1 /jfjb/Public/cache/jfjb/20160303/6.jpg
INFO: [ app_init ] --START--
INFO: Run Behavior\BuildLiteBehavior [ RunTime:0.000039s ]
INFO: [ app_init ] --END-- [ RunTime:0.000969s ]
ERR: 无法加载模块:Public

[ 2016-04-02T22:07:05+08:00 ] ::1 /jfjb/Public/cache/jfjb/20160303/5.jpg
INFO: [ app_init ] --START--
INFO: Run Behavior\BuildLiteBehavior [ RunTime:0.000046s ]
INFO: [ app_init ] --END-- [ RunTime:0.001219s ]
ERR: 无法加载模块:Public

[ 2016-04-02T22:07:05+08:00 ] ::1 /jfjb/Public/cache/jfjb/20160303/7.jpg
INFO: [ app_init ] --START--
INFO: Run Behavior\BuildLiteBehavior [ RunTime:0.000059s ]
INFO: [ app_init ] --END-- [ RunTime:0.001389s ]
ERR: 无法加载模块:Public

[ 2016-04-02T22:07:05+08:00 ] ::1 /jfjb/Public/cache/jfjb/20160303/8.jpg
INFO: [ app_init ] --START--
INFO: Run Behavior\BuildLiteBehavior [ RunTime:0.000048s ]
INFO: [ app_init ] --END-- [ RunTime:0.001321s ]
ERR: 无法加载模块:Public

[ 2016-04-02T22:07:05+08:00 ] ::1 /jfjb/Public/cache/jfjb/20160303/10.jpg
INFO: [ app_init ] --START--
INFO: Run Behavior\BuildLiteBehavior [ RunTime:0.000055s ]
INFO: [ app_init ] --END-- [ RunTime:0.001062s ]
ERR: 无法加载模块:Public

[ 2016-04-02T22:07:05+08:00 ] ::1 /jfjb/Public/cache/jfjb/20160303/9.jpg
INFO: [ app_init ] --START--
INFO: Run Behavior\BuildLiteBehavior [ RunTime:0.000046s ]
INFO: [ app_init ] --END-- [ RunTime:0.000993s ]
ERR: 无法加载模块:Public

[ 2016-04-02T22:07:05+08:00 ] ::1 /jfjb/Public/cache/jfjb/20160303/12.jpg
INFO: [ app_init ] --START--
INFO: Run Behavior\BuildLiteBehavior [ RunTime:0.000050s ]
INFO: [ app_init ] --END-- [ RunTime:0.001255s ]
ERR: 无法加载模块:Public

[ 2016-04-02T22:07:05+08:00 ] ::1 /jfjb/Public/cache/jfjb/20160303/11.jpg
INFO: [ app_init ] --START--
INFO: Run Behavior\BuildLiteBehavior [ RunTime:0.000048s ]
INFO: [ app_init ] --END-- [ RunTime:0.001043s ]
ERR: 无法加载模块:Public

[ 2016-04-02T22:11:23+08:00 ] ::1 /jfjb/Public/cache/jfjb/20160321/1.jpg
INFO: [ app_init ] --START--
INFO: Run Behavior\BuildLiteBehavior [ RunTime:0.000048s ]
INFO: [ app_init ] --END-- [ RunTime:0.002436s ]
ERR: 无法加载模块:Public

[ 2016-04-02T22:11:23+08:00 ] ::1 /jfjb/Public/cache/jfjb/20160321/3.jpg
INFO: [ app_init ] --START--
INFO: Run Behavior\BuildLiteBehavior [ RunTime:0.000047s ]
INFO: [ app_init ] --END-- [ RunTime:0.001285s ]
ERR: 无法加载模块:Public

[ 2016-04-02T22:11:23+08:00 ] ::1 /jfjb/Public/cache/jfjb/20160321/4.jpg
INFO: [ app_init ] --START--
INFO: Run Behavior\BuildLiteBehavior [ RunTime:0.000040s ]
INFO: [ app_init ] --END-- [ RunTime:0.000929s ]
ERR: 无法加载模块:Public

[ 2016-04-02T22:11:23+08:00 ] ::1 /jfjb/Public/cache/jfjb/20160321/5.jpg
INFO: [ app_init ] --START--
INFO: Run Behavior\BuildLiteBehavior [ RunTime:0.000040s ]
INFO: [ app_init ] --END-- [ RunTime:0.000881s ]
ERR: 无法加载模块:Public

[ 2016-04-02T22:11:23+08:00 ] ::1 /jfjb/Public/cache/jfjb/20160321/6.jpg
INFO: [ app_init ] --START--
INFO: Run Behavior\BuildLiteBehavior [ RunTime:0.000040s ]
INFO: [ app_init ] --END-- [ RunTime:0.000893s ]
ERR: 无法加载模块:Public

[ 2016-04-02T22:11:23+08:00 ] ::1 /jfjb/Public/cache/jfjb/20160321/7.jpg
INFO: [ app_init ] --START--
INFO: Run Behavior\BuildLiteBehavior [ RunTime:0.000039s ]
INFO: [ app_init ] --END-- [ RunTime:0.000885s ]
ERR: 无法加载模块:Public

[ 2016-04-02T22:11:23+08:00 ] ::1 /jfjb/Public/cache/jfjb/20160321/2.jpg
INFO: [ app_init ] --START--
INFO: Run Behavior\BuildLiteBehavior [ RunTime:0.000035s ]
INFO: [ app_init ] --END-- [ RunTime:0.000784s ]
ERR: 无法加载模块:Public

[ 2016-04-02T22:11:24+08:00 ] ::1 /jfjb/Public/cache/jfjb/20160321/8.jpg
INFO: [ app_init ] --START--
INFO: Run Behavior\BuildLiteBehavior [ RunTime:0.000039s ]
INFO: [ app_init ] --END-- [ RunTime:0.000889s ]
ERR: 无法加载模块:Public

[ 2016-04-02T22:11:24+08:00 ] ::1 /jfjb/Public/cache/jfjb/20160321/9.jpg
INFO: [ app_init ] --START--
INFO: Run Behavior\BuildLiteBehavior [ RunTime:0.000035s ]
INFO: [ app_init ] --END-- [ RunTime:0.000777s ]
ERR: 无法加载模块:Public

[ 2016-04-02T22:11:24+08:00 ] ::1 /jfjb/Public/cache/jfjb/20160321/10.jpg
INFO: [ app_init ] --START--
INFO: Run Behavior\BuildLiteBehavior [ RunTime:0.000039s ]
INFO: [ app_init ] --END-- [ RunTime:0.000890s ]
ERR: 无法加载模块:Public

[ 2016-04-02T22:11:24+08:00 ] ::1 /jfjb/Public/cache/jfjb/20160321/11.jpg
INFO: [ app_init ] --START--
INFO: Run Behavior\BuildLiteBehavior [ RunTime:0.000036s ]
INFO: [ app_init ] --END-- [ RunTime:0.000775s ]
ERR: 无法加载模块:Public

[ 2016-04-02T22:11:24+08:00 ] ::1 /jfjb/Public/cache/jfjb/20160321/12.jpg
INFO: [ app_init ] --START--
INFO: Run Behavior\BuildLiteBehavior [ RunTime:0.000041s ]
INFO: [ app_init ] --END-- [ RunTime:0.000891s ]
ERR: 无法加载模块:Public

[ 2016-04-02T22:21:28+08:00 ] ::1 /jfjb/Public/cache/weibo/big/20160401/006ac0onjw1f2gzucyzrwj30m80ettcd.jpg
INFO: [ app_init ] --START--
INFO: Run Behavior\BuildLiteBehavior [ RunTime:0.000044s ]
INFO: [ app_init ] --END-- [ RunTime:0.001202s ]
ERR: 无法加载模块:Public

[ 2016-04-02T22:21:28+08:00 ] ::1 /jfjb/Public/cache/weibo/big/20160401/006ac0onjw1f2gzud4cxlj30et0m8goj.jpg
INFO: [ app_init ] --START--
INFO: Run Behavior\BuildLiteBehavior [ RunTime:0.000040s ]
INFO: [ app_init ] --END-- [ RunTime:0.000901s ]
ERR: 无法加载模块:Public

[ 2016-04-02T22:21:28+08:00 ] ::1 /jfjb/Public/cache/weibo/big/20160401/006ac0onjw1f2gzud7ihgj30m80etn0z.jpg
INFO: [ app_init ] --START--
INFO: Run Behavior\BuildLiteBehavior [ RunTime:0.000046s ]
INFO: [ app_init ] --END-- [ RunTime:0.001269s ]
ERR: 无法加载模块:Public

[ 2016-04-02T22:21:28+08:00 ] ::1 /jfjb/Public/cache/weibo/big/20160401/006ac0onjw1f2gzudgdm8j30m80etwii.jpg
INFO: [ app_init ] --START--
INFO: Run Behavior\BuildLiteBehavior [ RunTime:0.000040s ]
INFO: [ app_init ] --END-- [ RunTime:0.000925s ]
ERR: 无法加载模块:Public

[ 2016-04-02T22:21:28+08:00 ] ::1 /jfjb/Public/cache/weibo/big/20160401/006ac0onjw1f2gzudbbwmj30et0m80w4.jpg
INFO: [ app_init ] --START--
INFO: Run Behavior\BuildLiteBehavior [ RunTime:0.000043s ]
INFO: [ app_init ] --END-- [ RunTime:0.001024s ]
ERR: 无法加载模块:Public

[ 2016-04-02T22:21:28+08:00 ] ::1 /jfjb/Public/cache/weibo/big/20160401/006ac0onjw1f2gzudko1bj30m80etn16.jpg
INFO: [ app_init ] --START--
INFO: Run Behavior\BuildLiteBehavior [ RunTime:0.000042s ]
INFO: [ app_init ] --END-- [ RunTime:0.001102s ]
ERR: 无法加载模块:Public

[ 2016-04-02T22:21:28+08:00 ] ::1 /jfjb/Public/cache/weibo/big/20160401/006ac0onjw1f2gzudrpacj30et0m8q6c.jpg
INFO: [ app_init ] --START--
INFO: Run Behavior\BuildLiteBehavior [ RunTime:0.000040s ]
INFO: [ app_init ] --END-- [ RunTime:0.000889s ]
ERR: 无法加载模块:Public

[ 2016-04-02T22:21:28+08:00 ] ::1 /jfjb/Public/cache/weibo/big/20160401/006ac0onjw1f2gzudu421j30m80etjuh.jpg
INFO: [ app_init ] --START--
INFO: Run Behavior\BuildLiteBehavior [ RunTime:0.000039s ]
INFO: [ app_init ] --END-- [ RunTime:0.000884s ]
ERR: 无法加载模块:Public

[ 2016-04-02T22:21:28+08:00 ] ::1 /jfjb/Public/cache/weibo/big/20160401/006ac0onjw1f2gzudy5enj30m80etn0a.jpg
INFO: [ app_init ] --START--
INFO: Run Behavior\BuildLiteBehavior [ RunTime:0.000043s ]
INFO: [ app_init ] --END-- [ RunTime:0.001031s ]
ERR: 无法加载模块:Public

[ 2016-04-02T22:21:31+08:00 ] ::1 /jfjb/Public/cache/weibo/big/20160401/006ac0onjw1f2gzucyzrwj30m80ettcd.jpg
INFO: [ app_init ] --START--
INFO: Run Behavior\BuildLiteBehavior [ RunTime:0.000077s ]
INFO: [ app_init ] --END-- [ RunTime:0.001135s ]
ERR: 无法加载模块:Public

[ 2016-04-02T22:21:31+08:00 ] ::1 /jfjb/Public/cache/weibo/big/20160401/006ac0onjw1f2gzud4cxlj30et0m8goj.jpg
INFO: [ app_init ] --START--
INFO: Run Behavior\BuildLiteBehavior [ RunTime:0.000039s ]
INFO: [ app_init ] --END-- [ RunTime:0.000894s ]
ERR: 无法加载模块:Public

[ 2016-04-02T22:21:31+08:00 ] ::1 /jfjb/Public/cache/weibo/big/20160401/006ac0onjw1f2gzud7ihgj30m80etn0z.jpg
INFO: [ app_init ] --START--
INFO: Run Behavior\BuildLiteBehavior [ RunTime:0.000040s ]
INFO: [ app_init ] --END-- [ RunTime:0.000906s ]
ERR: 无法加载模块:Public

[ 2016-04-02T22:21:31+08:00 ] ::1 /jfjb/Public/cache/weibo/big/20160401/006ac0onjw1f2gzudbbwmj30et0m80w4.jpg
INFO: [ app_init ] --START--
INFO: Run Behavior\BuildLiteBehavior [ RunTime:0.000044s ]
INFO: [ app_init ] --END-- [ RunTime:0.001070s ]
ERR: 无法加载模块:Public

[ 2016-04-02T22:21:31+08:00 ] ::1 /jfjb/Public/cache/weibo/big/20160401/006ac0onjw1f2gzudgdm8j30m80etwii.jpg
INFO: [ app_init ] --START--
INFO: Run Behavior\BuildLiteBehavior [ RunTime:0.000039s ]
INFO: [ app_init ] --END-- [ RunTime:0.000887s ]
ERR: 无法加载模块:Public

[ 2016-04-02T22:21:31+08:00 ] ::1 /jfjb/Public/cache/weibo/big/20160401/006ac0onjw1f2gzudko1bj30m80etn16.jpg
INFO: [ app_init ] --START--
INFO: Run Behavior\BuildLiteBehavior [ RunTime:0.000041s ]
INFO: [ app_init ] --END-- [ RunTime:0.000999s ]
ERR: 无法加载模块:Public

[ 2016-04-02T22:21:31+08:00 ] ::1 /jfjb/Public/cache/weibo/big/20160401/006ac0onjw1f2gzudrpacj30et0m8q6c.jpg
INFO: [ app_init ] --START--
INFO: Run Behavior\BuildLiteBehavior [ RunTime:0.000040s ]
INFO: [ app_init ] --END-- [ RunTime:0.000895s ]
ERR: 无法加载模块:Public

[ 2016-04-02T22:21:31+08:00 ] ::1 /jfjb/Public/cache/weibo/big/20160401/006ac0onjw1f2gzudu421j30m80etjuh.jpg
INFO: [ app_init ] --START--
INFO: Run Behavior\BuildLiteBehavior [ RunTime:0.000056s ]
INFO: [ app_init ] --END-- [ RunTime:0.001425s ]
ERR: 无法加载模块:Public

[ 2016-04-02T22:21:31+08:00 ] ::1 /jfjb/Public/cache/weibo/big/20160401/006ac0onjw1f2gzudy5enj30m80etn0a.jpg
INFO: [ app_init ] --START--
INFO: Run Behavior\BuildLiteBehavior [ RunTime:0.000057s ]
INFO: [ app_init ] --END-- [ RunTime:0.001426s ]
ERR: 无法加载模块:Public

[ 2016-04-02T22:21:44+08:00 ] ::1 /jfjb/Public/cache/weibo/big/20160401/006ac0onjw1f2gyz7bvamj30m80etdgv.jpg
INFO: [ app_init ] --START--
INFO: Run Behavior\BuildLiteBehavior [ RunTime:0.000041s ]
INFO: [ app_init ] --END-- [ RunTime:0.000934s ]
ERR: 无法加载模块:Public

[ 2016-04-02T22:21:44+08:00 ] ::1 /jfjb/Public/cache/weibo/big/20160401/006ac0onjw1f2gyz7ddtaj30m80et0ts.jpg
INFO: [ app_init ] --START--
INFO: Run Behavior\BuildLiteBehavior [ RunTime:0.000042s ]
INFO: [ app_init ] --END-- [ RunTime:0.001143s ]
ERR: 无法加载模块:Public

[ 2016-04-02T22:21:44+08:00 ] ::1 /jfjb/Public/cache/weibo/big/20160401/006ac0onjw1f2gyz7hhp9j30m80etgmn.jpg
INFO: [ app_init ] --START--
INFO: Run Behavior\BuildLiteBehavior [ RunTime:0.000039s ]
INFO: [ app_init ] --END-- [ RunTime:0.000895s ]
ERR: 无法加载模块:Public

[ 2016-04-02T22:21:45+08:00 ] ::1 /jfjb/Public/cache/weibo/big/20160401/006ac0onjw1f2gyz7l1jaj30m80ett9k.jpg
INFO: [ app_init ] --START--
INFO: Run Behavior\BuildLiteBehavior [ RunTime:0.000040s ]
INFO: [ app_init ] --END-- [ RunTime:0.000902s ]
ERR: 无法加载模块:Public

[ 2016-04-02T22:21:45+08:00 ] ::1 /jfjb/Public/cache/weibo/big/20160401/006ac0onjw1f2gyz7mxkjj30m80et0u6.jpg
INFO: [ app_init ] --START--
INFO: Run Behavior\BuildLiteBehavior [ RunTime:0.000044s ]
INFO: [ app_init ] --END-- [ RunTime:0.001040s ]
ERR: 无法加载模块:Public

[ 2016-04-02T22:21:45+08:00 ] ::1 /jfjb/Public/cache/weibo/big/20160401/006ac0onjw1f2gyz7qzr7j30m80etmyb.jpg
INFO: [ app_init ] --START--
INFO: Run Behavior\BuildLiteBehavior [ RunTime:0.000040s ]
INFO: [ app_init ] --END-- [ RunTime:0.000904s ]
ERR: 无法加载模块:Public

[ 2016-04-02T22:21:45+08:00 ] ::1 /jfjb/Public/cache/weibo/big/20160401/006ac0onjw1f2gyz7t82sj30m80etdh1.jpg
INFO: [ app_init ] --START--
INFO: Run Behavior\BuildLiteBehavior [ RunTime:0.000045s ]
INFO: [ app_init ] --END-- [ RunTime:0.001060s ]
ERR: 无法加载模块:Public

[ 2016-04-02T22:21:45+08:00 ] ::1 /jfjb/Public/cache/weibo/big/20160401/006ac0onjw1f2gyz80j0pj30m80etab2.jpg
INFO: [ app_init ] --START--
INFO: Run Behavior\BuildLiteBehavior [ RunTime:0.000039s ]
INFO: [ app_init ] --END-- [ RunTime:0.000888s ]
ERR: 无法加载模块:Public

[ 2016-04-02T22:21:45+08:00 ] ::1 /jfjb/Public/cache/weibo/big/20160401/006ac0onjw1f2gyz83tt8j30m80et75z.jpg
INFO: [ app_init ] --START--
INFO: Run Behavior\BuildLiteBehavior [ RunTime:0.000045s ]
INFO: [ app_init ] --END-- [ RunTime:0.001007s ]
ERR: 无法加载模块:Public

[ 2016-04-02T22:21:58+08:00 ] ::1 /jfjb/Public/cache/weibo/big/20160401/006ac0onjw1f2gzucyzrwj30m80ettcd.jpg
INFO: [ app_init ] --START--
INFO: Run Behavior\BuildLiteBehavior [ RunTime:0.000044s ]
INFO: [ app_init ] --END-- [ RunTime:0.001033s ]
ERR: 无法加载模块:Public

[ 2016-04-02T22:21:58+08:00 ] ::1 /jfjb/Public/cache/weibo/big/20160401/006ac0onjw1f2gzud4cxlj30et0m8goj.jpg
INFO: [ app_init ] --START--
INFO: Run Behavior\BuildLiteBehavior [ RunTime:0.000040s ]
INFO: [ app_init ] --END-- [ RunTime:0.000896s ]
ERR: 无法加载模块:Public

[ 2016-04-02T22:21:58+08:00 ] ::1 /jfjb/Public/cache/weibo/big/20160401/006ac0onjw1f2gzud7ihgj30m80etn0z.jpg
INFO: [ app_init ] --START--
INFO: Run Behavior\BuildLiteBehavior [ RunTime:0.000040s ]
INFO: [ app_init ] --END-- [ RunTime:0.000932s ]
ERR: 无法加载模块:Public

[ 2016-04-02T22:21:58+08:00 ] ::1 /jfjb/Public/cache/weibo/big/20160401/006ac0onjw1f2gzudbbwmj30et0m80w4.jpg
INFO: [ app_init ] --START--
INFO: Run Behavior\BuildLiteBehavior [ RunTime:0.000040s ]
INFO: [ app_init ] --END-- [ RunTime:0.000891s ]
ERR: 无法加载模块:Public

[ 2016-04-02T22:21:58+08:00 ] ::1 /jfjb/Public/cache/weibo/big/20160401/006ac0onjw1f2gzudgdm8j30m80etwii.jpg
INFO: [ app_init ] --START--
INFO: Run Behavior\BuildLiteBehavior [ RunTime:0.000040s ]
INFO: [ app_init ] --END-- [ RunTime:0.000899s ]
ERR: 无法加载模块:Public

[ 2016-04-02T22:21:58+08:00 ] ::1 /jfjb/Public/cache/weibo/big/20160401/006ac0onjw1f2gzudko1bj30m80etn16.jpg
INFO: [ app_init ] --START--
INFO: Run Behavior\BuildLiteBehavior [ RunTime:0.000063s ]
INFO: [ app_init ] --END-- [ RunTime:0.001292s ]
ERR: 无法加载模块:Public

[ 2016-04-02T22:21:58+08:00 ] ::1 /jfjb/Public/cache/weibo/big/20160401/006ac0onjw1f2gzudrpacj30et0m8q6c.jpg
INFO: [ app_init ] --START--
INFO: Run Behavior\BuildLiteBehavior [ RunTime:0.000039s ]
INFO: [ app_init ] --END-- [ RunTime:0.000887s ]
ERR: 无法加载模块:Public

[ 2016-04-02T22:21:58+08:00 ] ::1 /jfjb/Public/cache/weibo/big/20160401/006ac0onjw1f2gzudu421j30m80etjuh.jpg
INFO: [ app_init ] --START--
INFO: Run Behavior\BuildLiteBehavior [ RunTime:0.000040s ]
INFO: [ app_init ] --END-- [ RunTime:0.000885s ]
ERR: 无法加载模块:Public

[ 2016-04-02T22:21:58+08:00 ] ::1 /jfjb/Public/cache/weibo/big/20160401/006ac0onjw1f2gzudy5enj30m80etn0a.jpg
INFO: [ app_init ] --START--
INFO: Run Behavior\BuildLiteBehavior [ RunTime:0.000043s ]
INFO: [ app_init ] --END-- [ RunTime:0.001026s ]
ERR: 无法加载模块:Public

[ 2016-04-02T22:22:08+08:00 ] ::1 /jfjb/Public/cache/weibo/big/20160401/006ac0onjw1f2gzucyzrwj30m80ettcd.jpg
INFO: [ app_init ] --START--
INFO: Run Behavior\BuildLiteBehavior [ RunTime:0.000044s ]
INFO: [ app_init ] --END-- [ RunTime:0.001083s ]
ERR: 无法加载模块:Public

[ 2016-04-02T22:22:08+08:00 ] ::1 /jfjb/Public/cache/weibo/big/20160401/006ac0onjw1f2gzud4cxlj30et0m8goj.jpg
INFO: [ app_init ] --START--
INFO: Run Behavior\BuildLiteBehavior [ RunTime:0.000040s ]
INFO: [ app_init ] --END-- [ RunTime:0.000930s ]
ERR: 无法加载模块:Public

[ 2016-04-02T22:22:08+08:00 ] ::1 /jfjb/Public/cache/weibo/big/20160401/006ac0onjw1f2gzud7ihgj30m80etn0z.jpg
INFO: [ app_init ] --START--
INFO: Run Behavior\BuildLiteBehavior [ RunTime:0.000044s ]
INFO: [ app_init ] --END-- [ RunTime:0.001044s ]
ERR: 无法加载模块:Public

[ 2016-04-02T22:22:08+08:00 ] ::1 /jfjb/Public/cache/weibo/big/20160401/006ac0onjw1f2gzudbbwmj30et0m80w4.jpg
INFO: [ app_init ] --START--
INFO: Run Behavior\BuildLiteBehavior [ RunTime:0.000044s ]
INFO: [ app_init ] --END-- [ RunTime:0.001066s ]
ERR: 无法加载模块:Public

[ 2016-04-02T22:22:08+08:00 ] ::1 /jfjb/Public/cache/weibo/big/20160401/006ac0onjw1f2gzudgdm8j30m80etwii.jpg
INFO: [ app_init ] --START--
INFO: Run Behavior\BuildLiteBehavior [ RunTime:0.000040s ]
INFO: [ app_init ] --END-- [ RunTime:0.000882s ]
ERR: 无法加载模块:Public

[ 2016-04-02T22:22:08+08:00 ] ::1 /jfjb/Public/cache/weibo/big/20160401/006ac0onjw1f2gzudko1bj30m80etn16.jpg
INFO: [ app_init ] --START--
INFO: Run Behavior\BuildLiteBehavior [ RunTime:0.000047s ]
INFO: [ app_init ] --END-- [ RunTime:0.000962s ]
ERR: 无法加载模块:Public

[ 2016-04-02T22:22:08+08:00 ] ::1 /jfjb/Public/cache/weibo/big/20160401/006ac0onjw1f2gzudrpacj30et0m8q6c.jpg
INFO: [ app_init ] --START--
INFO: Run Behavior\BuildLiteBehavior [ RunTime:0.000043s ]
INFO: [ app_init ] --END-- [ RunTime:0.001068s ]
ERR: 无法加载模块:Public

[ 2016-04-02T22:22:08+08:00 ] ::1 /jfjb/Public/cache/weibo/big/20160401/006ac0onjw1f2gzudu421j30m80etjuh.jpg
INFO: [ app_init ] --START--
INFO: Run Behavior\BuildLiteBehavior [ RunTime:0.000040s ]
INFO: [ app_init ] --END-- [ RunTime:0.000910s ]
ERR: 无法加载模块:Public

[ 2016-04-02T22:22:08+08:00 ] ::1 /jfjb/Public/cache/weibo/big/20160401/006ac0onjw1f2gzudy5enj30m80etn0a.jpg
INFO: [ app_init ] --START--
INFO: Run Behavior\BuildLiteBehavior [ RunTime:0.000039s ]
INFO: [ app_init ] --END-- [ RunTime:0.000885s ]
ERR: 无法加载模块:Public

[ 2016-04-02T22:22:25+08:00 ] ::1 /jfjb/Public/cache/weibo/big/20160401/87e90f81jw1f2h0x73khzj20m80fpabj.jpg
INFO: [ app_init ] --START--
INFO: Run Behavior\BuildLiteBehavior [ RunTime:0.000039s ]
INFO: [ app_init ] --END-- [ RunTime:0.000893s ]
ERR: 无法加载模块:Public

[ 2016-04-02T22:22:25+08:00 ] ::1 /jfjb/Public/cache/weibo/big/20160401/87e90f81jw1f2h0x76d83j20go0fv75x.jpg
INFO: [ app_init ] --START--
INFO: Run Behavior\BuildLiteBehavior [ RunTime:0.000040s ]
INFO: [ app_init ] --END-- [ RunTime:0.000891s ]
ERR: 无法加载模块:Public

[ 2016-04-02T22:22:25+08:00 ] ::1 /jfjb/Public/cache/weibo/big/20160401/87e90f81jw1f2h0x72bytj20m80fz75v.jpg
INFO: [ app_init ] --START--
INFO: Run Behavior\BuildLiteBehavior [ RunTime:0.000043s ]
INFO: [ app_init ] --END-- [ RunTime:0.001042s ]
ERR: 无法加载模块:Public

[ 2016-04-02T22:22:25+08:00 ] ::1 /jfjb/Public/cache/weibo/big/20160401/87e90f81jw1f2h0x7djhzj20m80f275i.jpg
INFO: [ app_init ] --START--
INFO: Run Behavior\BuildLiteBehavior [ RunTime:0.000045s ]
INFO: [ app_init ] --END-- [ RunTime:0.001063s ]
ERR: 无法加载模块:Public

[ 2016-04-02T22:22:25+08:00 ] ::1 /jfjb/Public/cache/weibo/big/20160401/87e90f81jw1f2h0x7j658j20m80fs40c.jpg
INFO: [ app_init ] --START--
INFO: Run Behavior\BuildLiteBehavior [ RunTime:0.000042s ]
INFO: [ app_init ] --END-- [ RunTime:0.000993s ]
ERR: 无法加载模块:Public

[ 2016-04-02T22:22:25+08:00 ] ::1 /jfjb/Public/cache/weibo/big/20160401/87e90f81jw1f2h0x7lk6aj20m80fswg9.jpg
INFO: [ app_init ] --START--
INFO: Run Behavior\BuildLiteBehavior [ RunTime:0.000055s ]
INFO: [ app_init ] --END-- [ RunTime:0.001660s ]
ERR: 无法加载模块:Public

[ 2016-04-02T22:22:25+08:00 ] ::1 /jfjb/Public/cache/weibo/big/20160401/87e90f81jw1f2h0x7q9q1j20m80gd0uk.jpg
INFO: [ app_init ] --START--
INFO: Run Behavior\BuildLiteBehavior [ RunTime:0.000041s ]
INFO: [ app_init ] --END-- [ RunTime:0.000895s ]
ERR: 无法加载模块:Public

[ 2016-04-02T22:22:25+08:00 ] ::1 /jfjb/Public/cache/weibo/big/20160401/87e90f81jw1f2h0x80a43j20m80faq4z.jpg
INFO: [ app_init ] --START--
INFO: Run Behavior\BuildLiteBehavior [ RunTime:0.000039s ]
INFO: [ app_init ] --END-- [ RunTime:0.000891s ]
ERR: 无法加载模块:Public

[ 2016-04-02T22:22:25+08:00 ] ::1 /jfjb/Public/cache/weibo/big/20160401/87e90f81jw1f2h0x82g45j20m80fawfx.jpg
INFO: [ app_init ] --START--
INFO: Run Behavior\BuildLiteBehavior [ RunTime:0.000098s ]
INFO: [ app_init ] --END-- [ RunTime:0.000949s ]
ERR: 无法加载模块:Public

[ 2016-04-02T22:22:30+08:00 ] ::1 /jfjb/Public/cache/weibo/big/20160401/006ac0onjw1f2gy4ham9ij30m80efmyy.jpg
INFO: [ app_init ] --START--
INFO: Run Behavior\BuildLiteBehavior [ RunTime:0.000045s ]
INFO: [ app_init ] --END-- [ RunTime:0.001067s ]
ERR: 无法加载模块:Public

[ 2016-04-02T22:22:30+08:00 ] ::1 /jfjb/Public/cache/weibo/big/20160401/006ac0onjw1f2gy4hfqh7j30m80et76h.jpg
INFO: [ app_init ] --START--
INFO: Run Behavior\BuildLiteBehavior [ RunTime:0.000046s ]
INFO: [ app_init ] --END-- [ RunTime:0.001096s ]
ERR: 无法加载模块:Public

[ 2016-04-02T22:22:30+08:00 ] ::1 /jfjb/Public/cache/weibo/big/20160401/006ac0onjw1f2gy4hjvp1j30m80etgnq.jpg
INFO: [ app_init ] --START--
INFO: Run Behavior\BuildLiteBehavior [ RunTime:0.000041s ]
INFO: [ app_init ] --END-- [ RunTime:0.000934s ]
ERR: 无法加载模块:Public

[ 2016-04-02T22:22:31+08:00 ] ::1 /jfjb/Public/cache/weibo/big/20160401/006ac0onjw1f2gy4ho7k1j30m80fm0wq.jpg
INFO: [ app_init ] --START--
INFO: Run Behavior\BuildLiteBehavior [ RunTime:0.000043s ]
INFO: [ app_init ] --END-- [ RunTime:0.001044s ]
ERR: 无法加载模块:Public

[ 2016-04-02T22:22:31+08:00 ] ::1 /jfjb/Public/cache/weibo/big/20160401/006ac0onjw1f2gy4ht2xaj30m80ewmyy.jpg
INFO: [ app_init ] --START--
INFO: Run Behavior\BuildLiteBehavior [ RunTime:0.000043s ]
INFO: [ app_init ] --END-- [ RunTime:0.001043s ]
ERR: 无法加载模块:Public

[ 2016-04-02T22:22:31+08:00 ] ::1 /jfjb/Public/cache/weibo/big/20160401/006ac0onjw1f2gy4hwakcj30m80ejgoo.jpg
INFO: [ app_init ] --START--
INFO: Run Behavior\BuildLiteBehavior [ RunTime:0.000040s ]
INFO: [ app_init ] --END-- [ RunTime:0.000937s ]
ERR: 无法加载模块:Public

[ 2016-04-02T22:22:31+08:00 ] ::1 /jfjb/Public/cache/weibo/big/20160401/006ac0onjw1f2gy4hzsxhj30m80ep41f.jpg
INFO: [ app_init ] --START--
INFO: Run Behavior\BuildLiteBehavior [ RunTime:0.000040s ]
INFO: [ app_init ] --END-- [ RunTime:0.000905s ]
ERR: 无法加载模块:Public

[ 2016-04-02T22:22:31+08:00 ] ::1 /jfjb/Public/cache/weibo/big/20160401/006ac0onjw1f2gy4i3dc1j30fe0m8jt0.jpg
INFO: [ app_init ] --START--
INFO: Run Behavior\BuildLiteBehavior [ RunTime:0.000078s ]
INFO: [ app_init ] --END-- [ RunTime:0.001435s ]
ERR: 无法加载模块:Public

[ 2016-04-02T22:22:35+08:00 ] ::1 /jfjb/Public/cache/weibo/big/20160401/006ac0onjw1f2gx8x8mfpj30m80etmyq.jpg
INFO: [ app_init ] --START--
INFO: Run Behavior\BuildLiteBehavior [ RunTime:0.000039s ]
INFO: [ app_init ] --END-- [ RunTime:0.000889s ]
ERR: 无法加载模块:Public

[ 2016-04-02T22:22:35+08:00 ] ::1 /jfjb/Public/cache/weibo/big/20160401/006ac0onjw1f2gx8wy97aj30m80etab0.jpg
INFO: [ app_init ] --START--
INFO: Run Behavior\BuildLiteBehavior [ RunTime:0.000040s ]
INFO: [ app_init ] --END-- [ RunTime:0.000895s ]
ERR: 无法加载模块:Public

[ 2016-04-02T22:22:35+08:00 ] ::1 /jfjb/Public/cache/weibo/big/20160401/006ac0onjw1f2gx8x1yg3j30m80evgnb.jpg
INFO: [ app_init ] --START--
INFO: Run Behavior\BuildLiteBehavior [ RunTime:0.000039s ]
INFO: [ app_init ] --END-- [ RunTime:0.000891s ]
ERR: 无法加载模块:Public

[ 2016-04-02T22:22:35+08:00 ] ::1 /jfjb/Public/cache/weibo/big/20160401/006ac0onjw1f2gx8xigvaj30m80et40l.jpg
INFO: [ app_init ] --START--
INFO: Run Behavior\BuildLiteBehavior [ RunTime:0.000041s ]
INFO: [ app_init ] --END-- [ RunTime:0.000897s ]
ERR: 无法加载模块:Public

[ 2016-04-02T22:22:35+08:00 ] ::1 /jfjb/Public/cache/weibo/big/20160401/006ac0onjw1f2gx8x8i4sj30m80etq50.jpg
INFO: [ app_init ] --START--
INFO: Run Behavior\BuildLiteBehavior [ RunTime:0.000041s ]
INFO: [ app_init ] --END-- [ RunTime:0.000974s ]
ERR: 无法加载模块:Public

[ 2016-04-02T22:22:35+08:00 ] ::1 /jfjb/Public/cache/weibo/big/20160401/006ac0onjw1f2gx8xj0csj30m80et76o.jpg
INFO: [ app_init ] --START--
INFO: Run Behavior\BuildLiteBehavior [ RunTime:0.000042s ]
INFO: [ app_init ] --END-- [ RunTime:0.001038s ]
ERR: 无法加载模块:Public

[ 2016-04-02T22:22:35+08:00 ] ::1 /jfjb/Public/cache/weibo/big/20160401/006ac0onjw1f2gx8xjg2qj30m80et75x.jpg
INFO: [ app_init ] --START--
INFO: Run Behavior\BuildLiteBehavior [ RunTime:0.000044s ]
INFO: [ app_init ] --END-- [ RunTime:0.001050s ]
ERR: 无法加载模块:Public

[ 2016-04-02T22:22:35+08:00 ] ::1 /jfjb/Public/cache/weibo/big/20160401/006ac0onjw1f2gx8xmcpxj30m80et0ug.jpg
INFO: [ app_init ] --START--
INFO: Run Behavior\BuildLiteBehavior [ RunTime:0.000040s ]
INFO: [ app_init ] --END-- [ RunTime:0.000884s ]
ERR: 无法加载模块:Public

[ 2016-04-02T22:22:35+08:00 ] ::1 /jfjb/Public/cache/weibo/big/20160401/006ac0onjw1f2gx8y1uw2j30m80etwgb.jpg
INFO: [ app_init ] --START--
INFO: Run Behavior\BuildLiteBehavior [ RunTime:0.000039s ]
INFO: [ app_init ] --END-- [ RunTime:0.000885s ]
ERR: 无法加载模块:Public

[ 2016-04-02T22:22:41+08:00 ] ::1 /jfjb/Public/cache/jfjb/20160321/1.jpg
INFO: [ app_init ] --START--
INFO: Run Behavior\BuildLiteBehavior [ RunTime:0.000040s ]
INFO: [ app_init ] --END-- [ RunTime:0.000894s ]
ERR: 无法加载模块:Public

[ 2016-04-02T22:22:41+08:00 ] ::1 /jfjb/Public/cache/jfjb/20160321/2.jpg
INFO: [ app_init ] --START--
INFO: Run Behavior\BuildLiteBehavior [ RunTime:0.000047s ]
INFO: [ app_init ] --END-- [ RunTime:0.001004s ]
ERR: 无法加载模块:Public

[ 2016-04-02T22:22:41+08:00 ] ::1 /jfjb/Public/cache/jfjb/20160321/3.jpg
INFO: [ app_init ] --START--
INFO: Run Behavior\BuildLiteBehavior [ RunTime:0.000045s ]
INFO: [ app_init ] --END-- [ RunTime:0.000997s ]
ERR: 无法加载模块:Public

[ 2016-04-02T22:22:41+08:00 ] ::1 /jfjb/Public/cache/jfjb/20160321/4.jpg
INFO: [ app_init ] --START--
INFO: Run Behavior\BuildLiteBehavior [ RunTime:0.000039s ]
INFO: [ app_init ] --END-- [ RunTime:0.000905s ]
ERR: 无法加载模块:Public

[ 2016-04-02T22:22:41+08:00 ] ::1 /jfjb/Public/cache/jfjb/20160321/5.jpg
INFO: [ app_init ] --START--
INFO: Run Behavior\BuildLiteBehavior [ RunTime:0.000040s ]
INFO: [ app_init ] --END-- [ RunTime:0.000887s ]
ERR: 无法加载模块:Public

[ 2016-04-02T22:22:41+08:00 ] ::1 /jfjb/Public/cache/jfjb/20160321/6.jpg
INFO: [ app_init ] --START--
INFO: Run Behavior\BuildLiteBehavior [ RunTime:0.000038s ]
INFO: [ app_init ] --END-- [ RunTime:0.000885s ]
ERR: 无法加载模块:Public

[ 2016-04-02T22:22:41+08:00 ] ::1 /jfjb/Public/cache/jfjb/20160321/7.jpg
INFO: [ app_init ] --START--
INFO: Run Behavior\BuildLiteBehavior [ RunTime:0.000040s ]
INFO: [ app_init ] --END-- [ RunTime:0.000875s ]
ERR: 无法加载模块:Public

[ 2016-04-02T22:22:41+08:00 ] ::1 /jfjb/Public/cache/jfjb/20160321/8.jpg
INFO: [ app_init ] --START--
INFO: Run Behavior\BuildLiteBehavior [ RunTime:0.000035s ]
INFO: [ app_init ] --END-- [ RunTime:0.000894s ]
ERR: 无法加载模块:Public

[ 2016-04-02T22:22:41+08:00 ] ::1 /jfjb/Public/cache/jfjb/20160321/9.jpg
INFO: [ app_init ] --START--
INFO: Run Behavior\BuildLiteBehavior [ RunTime:0.000034s ]
INFO: [ app_init ] --END-- [ RunTime:0.000782s ]
ERR: 无法加载模块:Public

[ 2016-04-02T22:22:41+08:00 ] ::1 /jfjb/Public/cache/jfjb/20160321/10.jpg
INFO: [ app_init ] --START--
INFO: Run Behavior\BuildLiteBehavior [ RunTime:0.000034s ]
INFO: [ app_init ] --END-- [ RunTime:0.000775s ]
ERR: 无法加载模块:Public

[ 2016-04-02T22:22:41+08:00 ] ::1 /jfjb/Public/cache/jfjb/20160321/11.jpg
INFO: [ app_init ] --START--
INFO: Run Behavior\BuildLiteBehavior [ RunTime:0.000035s ]
INFO: [ app_init ] --END-- [ RunTime:0.000778s ]
ERR: 无法加载模块:Public

[ 2016-04-02T22:22:41+08:00 ] ::1 /jfjb/Public/cache/jfjb/20160321/12.jpg
INFO: [ app_init ] --START--
INFO: Run Behavior\BuildLiteBehavior [ RunTime:0.000039s ]
INFO: [ app_init ] --END-- [ RunTime:0.000886s ]
ERR: 无法加载模块:Public

