[ 2016-04-03T00:21:53+08:00 ] ::1 /jfjb/Public/cache/weibo/big/20160401/87e90f81jw1f2h0x73khzj20m80fpabj.jpg
INFO: [ app_init ] --START--
INFO: Run Behavior\BuildLiteBehavior [ RunTime:0.000040s ]
INFO: [ app_init ] --END-- [ RunTime:0.001081s ]
ERR: 无法加载模块:Public

[ 2016-04-03T00:21:53+08:00 ] ::1 /jfjb/Public/cache/weibo/big/20160401/87e90f81jw1f2h0x7q9q1j20m80gd0uk.jpg
INFO: [ app_init ] --START--
INFO: Run Behavior\BuildLiteBehavior [ RunTime:0.000040s ]
INFO: [ app_init ] --END-- [ RunTime:0.000892s ]
ERR: 无法加载模块:Public

[ 2016-04-03T00:21:53+08:00 ] ::1 /jfjb/Public/cache/weibo/big/20160401/87e90f81jw1f2h0x7djhzj20m80f275i.jpg
INFO: [ app_init ] --START--
INFO: Run Behavior\BuildLiteBehavior [ RunTime:0.000039s ]
INFO: [ app_init ] --END-- [ RunTime:0.000891s ]
ERR: 无法加载模块:Public

[ 2016-04-03T00:21:53+08:00 ] ::1 /jfjb/Public/cache/weibo/big/20160401/87e90f81jw1f2h0x7j658j20m80fs40c.jpg
INFO: [ app_init ] --START--
INFO: Run Behavior\BuildLiteBehavior [ RunTime:0.000041s ]
INFO: [ app_init ] --END-- [ RunTime:0.000973s ]
ERR: 无法加载模块:Public

[ 2016-04-03T00:21:54+08:00 ] ::1 /jfjb/Public/cache/weibo/big/20160401/87e90f81jw1f2h0x72bytj20m80fz75v.jpg
INFO: [ app_init ] --START--
INFO: Run Behavior\BuildLiteBehavior [ RunTime:0.000039s ]
INFO: [ app_init ] --END-- [ RunTime:0.000887s ]
ERR: 无法加载模块:Public

[ 2016-04-03T00:21:54+08:00 ] ::1 /jfjb/Public/cache/weibo/big/20160401/87e90f81jw1f2h0x80a43j20m80faq4z.jpg
INFO: [ app_init ] --START--
INFO: Run Behavior\BuildLiteBehavior [ RunTime:0.000040s ]
INFO: [ app_init ] --END-- [ RunTime:0.000973s ]
ERR: 无法加载模块:Public

[ 2016-04-03T00:21:54+08:00 ] ::1 /jfjb/Public/cache/weibo/big/20160401/87e90f81jw1f2h0x76d83j20go0fv75x.jpg
INFO: [ app_init ] --START--
INFO: Run Behavior\BuildLiteBehavior [ RunTime:0.000039s ]
INFO: [ app_init ] --END-- [ RunTime:0.000886s ]
ERR: 无法加载模块:Public

[ 2016-04-03T00:21:54+08:00 ] ::1 /jfjb/Public/cache/weibo/big/20160401/87e90f81jw1f2h0x82g45j20m80fawfx.jpg
INFO: [ app_init ] --START--
INFO: Run Behavior\BuildLiteBehavior [ RunTime:0.000040s ]
INFO: [ app_init ] --END-- [ RunTime:0.000888s ]
ERR: 无法加载模块:Public

[ 2016-04-03T00:21:54+08:00 ] ::1 /jfjb/Public/cache/weibo/big/20160401/87e90f81jw1f2h0x7lk6aj20m80fswg9.jpg
INFO: [ app_init ] --START--
INFO: Run Behavior\BuildLiteBehavior [ RunTime:0.000040s ]
INFO: [ app_init ] --END-- [ RunTime:0.001043s ]
ERR: 无法加载模块:Public

[ 2016-04-03T00:21:59+08:00 ] ::1 /jfjb/Public/cache/weibo/big/20160401/87e90f81jw1f2h0x73khzj20m80fpabj.jpg
INFO: [ app_init ] --START--
INFO: Run Behavior\BuildLiteBehavior [ RunTime:0.000042s ]
INFO: [ app_init ] --END-- [ RunTime:0.000931s ]
ERR: 无法加载模块:Public

[ 2016-04-03T00:21:59+08:00 ] ::1 /jfjb/Public/cache/weibo/big/20160401/87e90f81jw1f2h0x76d83j20go0fv75x.jpg
INFO: [ app_init ] --START--
INFO: Run Behavior\BuildLiteBehavior [ RunTime:0.000039s ]
INFO: [ app_init ] --END-- [ RunTime:0.000888s ]
ERR: 无法加载模块:Public

[ 2016-04-03T00:21:59+08:00 ] ::1 /jfjb/Public/cache/weibo/big/20160401/87e90f81jw1f2h0x72bytj20m80fz75v.jpg
INFO: [ app_init ] --START--
INFO: Run Behavior\BuildLiteBehavior [ RunTime:0.000039s ]
INFO: [ app_init ] --END-- [ RunTime:0.000887s ]
ERR: 无法加载模块:Public

[ 2016-04-03T00:21:59+08:00 ] ::1 /jfjb/Public/cache/weibo/big/20160401/87e90f81jw1f2h0x7djhzj20m80f275i.jpg
INFO: [ app_init ] --START--
INFO: Run Behavior\BuildLiteBehavior [ RunTime:0.000040s ]
INFO: [ app_init ] --END-- [ RunTime:0.000893s ]
ERR: 无法加载模块:Public

[ 2016-04-03T00:21:59+08:00 ] ::1 /jfjb/Public/cache/weibo/big/20160401/87e90f81jw1f2h0x7j658j20m80fs40c.jpg
INFO: [ app_init ] --START--
INFO: Run Behavior\BuildLiteBehavior [ RunTime:0.000040s ]
INFO: [ app_init ] --END-- [ RunTime:0.000903s ]
ERR: 无法加载模块:Public

[ 2016-04-03T00:21:59+08:00 ] ::1 /jfjb/Public/cache/weibo/big/20160401/87e90f81jw1f2h0x7lk6aj20m80fswg9.jpg
INFO: [ app_init ] --START--
INFO: Run Behavior\BuildLiteBehavior [ RunTime:0.000040s ]
INFO: [ app_init ] --END-- [ RunTime:0.000887s ]
ERR: 无法加载模块:Public

[ 2016-04-03T00:21:59+08:00 ] ::1 /jfjb/Public/cache/weibo/big/20160401/87e90f81jw1f2h0x7q9q1j20m80gd0uk.jpg
INFO: [ app_init ] --START--
INFO: Run Behavior\BuildLiteBehavior [ RunTime:0.000041s ]
INFO: [ app_init ] --END-- [ RunTime:0.000970s ]
ERR: 无法加载模块:Public

[ 2016-04-03T00:21:59+08:00 ] ::1 /jfjb/Public/cache/weibo/big/20160401/87e90f81jw1f2h0x80a43j20m80faq4z.jpg
INFO: [ app_init ] --START--
INFO: Run Behavior\BuildLiteBehavior [ RunTime:0.000040s ]
INFO: [ app_init ] --END-- [ RunTime:0.000916s ]
ERR: 无法加载模块:Public

[ 2016-04-03T00:21:59+08:00 ] ::1 /jfjb/Public/cache/weibo/big/20160401/87e90f81jw1f2h0x82g45j20m80fawfx.jpg
INFO: [ app_init ] --START--
INFO: Run Behavior\BuildLiteBehavior [ RunTime:0.000043s ]
INFO: [ app_init ] --END-- [ RunTime:0.000980s ]
ERR: 无法加载模块:Public

[ 2016-04-03T00:22:07+08:00 ] ::1 /jfjb/Public/cache/jfjb/20160321/1.jpg
INFO: [ app_init ] --START--
INFO: Run Behavior\BuildLiteBehavior [ RunTime:0.000041s ]
INFO: [ app_init ] --END-- [ RunTime:0.000996s ]
ERR: 无法加载模块:Public

[ 2016-04-03T00:22:07+08:00 ] ::1 /jfjb/Public/cache/jfjb/20160321/2.jpg
INFO: [ app_init ] --START--
INFO: Run Behavior\BuildLiteBehavior [ RunTime:0.000048s ]
INFO: [ app_init ] --END-- [ RunTime:0.001209s ]
ERR: 无法加载模块:Public

[ 2016-04-03T00:22:07+08:00 ] ::1 /jfjb/Public/cache/jfjb/20160321/3.jpg
INFO: [ app_init ] --START--
INFO: Run Behavior\BuildLiteBehavior [ RunTime:0.000038s ]
INFO: [ app_init ] --END-- [ RunTime:0.000877s ]
ERR: 无法加载模块:Public

[ 2016-04-03T00:22:07+08:00 ] ::1 /jfjb/Public/cache/jfjb/20160321/4.jpg
INFO: [ app_init ] --START--
INFO: Run Behavior\BuildLiteBehavior [ RunTime:0.000036s ]
INFO: [ app_init ] --END-- [ RunTime:0.000781s ]
ERR: 无法加载模块:Public

[ 2016-04-03T00:22:07+08:00 ] ::1 /jfjb/Public/cache/jfjb/20160321/5.jpg
INFO: [ app_init ] --START--
INFO: Run Behavior\BuildLiteBehavior [ RunTime:0.000036s ]
INFO: [ app_init ] --END-- [ RunTime:0.000915s ]
ERR: 无法加载模块:Public

[ 2016-04-03T00:22:07+08:00 ] ::1 /jfjb/Public/cache/jfjb/20160321/6.jpg
INFO: [ app_init ] --START--
INFO: Run Behavior\BuildLiteBehavior [ RunTime:0.000040s ]
INFO: [ app_init ] --END-- [ RunTime:0.000898s ]
ERR: 无法加载模块:Public

[ 2016-04-03T00:22:07+08:00 ] ::1 /jfjb/Public/cache/jfjb/20160321/7.jpg
INFO: [ app_init ] --START--
INFO: Run Behavior\BuildLiteBehavior [ RunTime:0.000034s ]
INFO: [ app_init ] --END-- [ RunTime:0.000776s ]
ERR: 无法加载模块:Public

[ 2016-04-03T00:22:07+08:00 ] ::1 /jfjb/Public/cache/jfjb/20160321/8.jpg
INFO: [ app_init ] --START--
INFO: Run Behavior\BuildLiteBehavior [ RunTime:0.000035s ]
INFO: [ app_init ] --END-- [ RunTime:0.000784s ]
ERR: 无法加载模块:Public

[ 2016-04-03T00:22:07+08:00 ] ::1 /jfjb/Public/cache/jfjb/20160321/9.jpg
INFO: [ app_init ] --START--
INFO: Run Behavior\BuildLiteBehavior [ RunTime:0.000034s ]
INFO: [ app_init ] --END-- [ RunTime:0.000773s ]
ERR: 无法加载模块:Public

[ 2016-04-03T00:22:07+08:00 ] ::1 /jfjb/Public/cache/jfjb/20160321/10.jpg
INFO: [ app_init ] --START--
INFO: Run Behavior\BuildLiteBehavior [ RunTime:0.000040s ]
INFO: [ app_init ] --END-- [ RunTime:0.001100s ]
ERR: 无法加载模块:Public

[ 2016-04-03T00:22:08+08:00 ] ::1 /jfjb/Public/cache/jfjb/20160321/11.jpg
INFO: [ app_init ] --START--
INFO: Run Behavior\BuildLiteBehavior [ RunTime:0.000039s ]
INFO: [ app_init ] --END-- [ RunTime:0.000961s ]
ERR: 无法加载模块:Public

[ 2016-04-03T00:22:08+08:00 ] ::1 /jfjb/Public/cache/jfjb/20160321/12.jpg
INFO: [ app_init ] --START--
INFO: Run Behavior\BuildLiteBehavior [ RunTime:0.000040s ]
INFO: [ app_init ] --END-- [ RunTime:0.000964s ]
ERR: 无法加载模块:Public

